<?xml version="1.0" encoding="UTF-8"?>
<!-- Generated by org.testng.reporters.JUnitXMLReporter -->
<testsuite ignored="0" hostname="DESKTOP-7F44H94" failures="1" tests="2" name="ErrorValidationTest" time="44.514" errors="0" timestamp="2025-03-19T06:15:29 IST">
  <testcase classname="com.test.Error_Validation_Test" name="login_error_Validation" time="1.85">
    <failure type="java.lang.AssertionError" message="expected [Incorrect or password.] but found [Incorrect email or password.]">
      <![CDATA[java.lang.AssertionError: expected [Incorrect or password.] but found [Incorrect email or password.]
at com.test.Error_Validation_Test.login_error_Validation(Error_Validation_Test.java:26)
at java.base/java.util.ArrayList.forEach(ArrayList.java:1511)
at java.base/java.util.concurrent.FutureTask.run(FutureTask.java:264)
at java.base/java.util.concurrent.ThreadPoolExecutor.runWorker(ThreadPoolExecutor.java:1130)
at java.base/java.util.concurrent.ThreadPoolExecutor$Worker.run(ThreadPoolExecutor.java:630)
at java.base/java.lang.Thread.run(Thread.java:832)
... Removed 23 stack frames]]>
    </failure>
  </testcase> <!-- login_error_Validation -->
  <testcase classname="com.test.Error_Validation_Test" name="product_error_Validation" time="7.095"/>
</testsuite> <!-- ErrorValidationTest -->
